<?xml version="1.0" encoding="utf-8"?><testsuites name="pytest tests"><testsuite name="pytest" errors="0" failures="0" skipped="0" tests="17" time="2.669" timestamp="2026-07-26T07:56:30.838151+00:00" hostname="agent-env-f529e9c5-7f15-41d1-bfda-862fce5295a4"><testcase classname="tests.test_downloads" name="test_plugin_info_shape" time="0.524" /><testcase classname="tests.test_downloads" name="test_plugin_info_jar_v204" time="0.000" /><testcase classname="tests.test_downloads" name="test_plugin_info_demos_no_pdf_no_pptx" time="0.000" /><testcase classname="tests.test_downloads" name="test_plugin_info_docs_has_parameters" time="0.000" /><testcase classname="tests.test_downloads" name="test_plugin_info_docker_has_compose" time="0.000" /><testcase classname="tests.test_downloads" name="test_download_plugin_jar" time="0.410" /><testcase classname="tests.test_downloads" name="test_demo_html_v204_content" time="0.071" /><testcase classname="tests.test_downloads" name="test_demo_pdf_removed" time="0.087" /><testcase classname="tests.test_downloads" name="test_demo_pptx_removed" time="0.096" /><testcase classname="tests.test_downloads" name="test_demo_json" time="0.070" /><testcase classname="tests.test_downloads" name="test_docs_parameters" time="0.065" /><testcase classname="tests.test_downloads" name="test_docker_compose_yml" time="0.071" /><testcase classname="tests.test_downloads" name="test_docker_analysis_dockerfile" time="0.301" /><testcase classname="tests.test_downloads" name="test_docker_jmeter_dockerfile" time="0.067" /><testcase classname="tests.test_downloads" name="test_docs_path_traversal_blocked" time="0.132" /><testcase classname="tests.test_downloads" name="test_docker_path_traversal_blocked" time="0.138" /><testcase classname="tests.test_downloads" name="test_demo_path_traversal_still_blocked" time="0.126" /></testsuite></testsuites>