<?xml version="1.0" encoding="utf-8"?><testsuites name="pytest tests"><testsuite name="pytest" errors="0" failures="0" skipped="0" tests="9" time="2.770" timestamp="2026-07-26T06:32:24.250364+00:00" hostname="agent-env-f529e9c5-7f15-41d1-bfda-862fce5295a4"><testcase classname="tests.test_downloads" name="test_plugin_info_shape" time="0.772" /><testcase classname="tests.test_downloads" name="test_download_plugin_jar" time="0.834" /><testcase classname="tests.test_downloads" name="test_demo_html_inline" time="0.090" /><testcase classname="tests.test_downloads" name="test_demo_pdf" time="0.064" /><testcase classname="tests.test_downloads" name="test_demo_pptx" time="0.110" /><testcase classname="tests.test_downloads" name="test_demo_json" time="0.093" /><testcase classname="tests.test_downloads" name="test_smoke_jmx" time="0.085" /><testcase classname="tests.test_downloads" name="test_path_traversal_blocked" time="0.103" /><testcase classname="tests.test_downloads" name="test_nonexistent_returns_404" time="0.121" /></testsuite></testsuites>