<?xml version="1.0" encoding="UTF-8"?>
<testsuite xmlns:xsi="http://www.w3.org/2001/XMLSchema-instance" xsi:noNamespaceSchemaLocation="https://maven.apache.org/surefire/maven-surefire-plugin/xsd/surefire-test-report-3.0.xsd" version="3.0" name="com.smartjmeter.correlate.CorrelationEngineTest" time="0.007" tests="3" errors="0" skipped="0" failures="0">
  <properties>
[...]
</properties>
  <testcase name="ignoresSuccessfulSamples" classname="com.smartjmeter.correlate.CorrelationEngineTest" time="0.001"/>
  <testcase name="rejectsNegativeWindow" classname="com.smartjmeter.correlate.CorrelationEngineTest" time="0.001"/>
  <testcase name="buildsAndMergesOverlappingWindows" classname="com.smartjmeter.correlate.CorrelationEngineTest" time="0.001"/>
</testsuite>